<?xml version="1.0" encoding="UTF-8"?>
<testng-results ignored="0" total="1" passed="1" failed="0" skipped="0">
  <reporter-output>
  </reporter-output>
  <suite started-at="2021-06-22T21:21:22 EDT" name="Default suite" finished-at="2021-06-22T21:21:24 EDT" duration-ms="1881">
    <groups>
    </groups>
    <test started-at="2021-06-22T21:21:22 EDT" name="Default test" finished-at="2021-06-22T21:21:24 EDT" duration-ms="1881">
      <class name="com.restapi.tests.SampleGetTest">
        <test-method signature="testGetCall()[pri:0, instance:com.restapi.tests.SampleGetTest@11a9e7c8]" started-at="2021-06-22T21:21:22 EDT" name="testGetCall" finished-at="2021-06-22T21:21:24 EDT" duration-ms="1847" status="PASS">
          <reporter-output>
          </reporter-output>
        </test-method> <!-- testGetCall -->
      </class> <!-- com.restapi.tests.SampleGetTest -->
    </test> <!-- Default test -->
  </suite> <!-- Default suite -->
</testng-results>
